2021-01-02 16:12:53,101       [12] DEBUG PayPal.Api.PayPalResource [(null)] Content-Type:application/x-www-form-urlencoded
2021-01-02 16:12:53,126       [12] DEBUG PayPal.Api.PayPalResource [(null)] User-Agent:PayPalSDK/PayPal-NET-SDK 1.9.1 (lang=DOTNET;v=4.5.1;clr=4.0.30319.42000;bit=64;os=Microsoft Windows NT 10.0.18363.0)
2021-01-02 16:12:53,127       [12] DEBUG PayPal.Api.PayPalResource [(null)] Authorization:Basic QWVkZlZqVEFOMnhrWVFobVFVQjJlaDc0RzRES2RZam5ucWc0ZzNtZGRJbUFaZUNmRmxnZEFlMjZCdTh3X0Z5d0lxbDktOU9hSnlMbzlNZnc6RU0ybXNRZU9yVEFnNGNOWTlRRm13bmJlem9EVkNfVnFDSGxjNGdzMklGNmFwSVEtLUNsT0JOVjB5ckxNZUloLUhUSGFOeklYdUwxd3JDMXI=
2021-01-02 16:12:53,127       [12] DEBUG PayPal.Api.PayPalResource [(null)] PayPal-Request-Id:a4913fda-4fff-49bb-b635-ee139451587d
2021-01-02 16:12:53,430       [12] DEBUG PayPal.Api.HttpConnection [(null)] grant_type=client_credentials
2021-01-02 16:12:54,146       [12] DEBUG PayPal.Api.HttpConnection [(null)] Service response: 
2021-01-02 16:12:54,147       [12] DEBUG PayPal.Api.HttpConnection [(null)] {"scope":"https://uri.paypal.com/services/invoicing https://uri.paypal.com/services/disputes/read-buyer https://uri.paypal.com/services/payments/realtimepayment https://uri.paypal.com/services/disputes/update-seller https://uri.paypal.com/services/paypalhere https://uri.paypal.com/services/payments/payment/authcapture openid https://uri.paypal.com/services/disputes/read-seller https://uri.paypal.com/services/payments/refund https://uri.paypal.com/services/identity/activities https://api.paypal.com/v1/vault/credit-card https://api.paypal.com/v1/payments/.* https://uri.paypal.com/services/reporting/search/read https://uri.paypal.com/payments/payouts https://api.paypal.com/v1/vault/credit-card/.* https://uri.paypal.com/services/subscriptions https://uri.paypal.com/services/applications/webhooks https://api.paypal.com/v1/payments/refund https://api.paypal.com/v1/payments/sale/.*/refund","access_token":"A21AAKbBpH7r7_sJNSJtCYohDUEiCZ2p-5Qd2045zNoGY74ULEvvq_JxZoOqA1fQK6NtxwITKcUEkm4edBSX85LQp0-GuJq6g","token_type":"Bearer","app_id":"APP-80W284485P519543T","expires_in":31842,"nonce":"2021-01-02T15:03:37ZUb6xV4hE_Y1Es1GaPcVXuEYjveulDCanAwY9NooFtwY"}
2021-01-02 16:12:54,469       [12] DEBUG PayPal.Api.PayPalResource [(null)] Content-Type:application/json
2021-01-02 16:12:54,469       [12] DEBUG PayPal.Api.PayPalResource [(null)] User-Agent:PayPalSDK/PayPal-NET-SDK 1.9.1 (lang=DOTNET;v=4.5.1;clr=4.0.30319.42000;bit=64;os=Microsoft Windows NT 10.0.18363.0)
2021-01-02 16:12:54,469       [12] DEBUG PayPal.Api.PayPalResource [(null)] Authorization:Bearer A21AAKbBpH7r7_sJNSJtCYohDUEiCZ2p-5Qd2045zNoGY74ULEvvq_JxZoOqA1fQK6NtxwITKcUEkm4edBSX85LQp0-GuJq6g
2021-01-02 16:12:54,470       [12] DEBUG PayPal.Api.PayPalResource [(null)] PayPal-Request-Id:a4b667e2-84f2-44a4-8227-56460d05d05a
2021-01-02 16:12:54,470       [12] DEBUG PayPal.Api.HttpConnection [(null)] {"intent":"sale","payer":{"payment_method":"paypal"},"transactions":[{"amount":{"currency":"PLN","total":"16.60","details":{"subtotal":"4.31","shipping":"12.30","tax":"0.00"}},"description":"Zakupy w sklepie internetowym","invoice_number":"numer","item_list":{"items":[{"name":"Siemiê lniane","quantity":"1","price":"4.31","currency":"PLN"}]}}],"redirect_urls":{"return_url":"https://localhost:44300/Paypal/SuccessView?orderID=1","cancel_url":"https://localhost:44300/Paypal/FailureView"}}
2021-01-02 16:12:54,840       [12] ERROR PayPal.Api.HttpConnection [(null)] Error response:
2021-01-02 16:12:54,840       [12] ERROR PayPal.Api.HttpConnection [(null)] {"name":"VALIDATION_ERROR","details":[{"field":"transactions[0].amount","issue":"Transaction amount details (subtotal, tax, shipping) must add up to specified amount total"}],"message":"Invalid request - see details","information_link":"https://developer.paypal.com/docs/api/payments/#errors","debug_id":"f6cd5d961fc3d"}
2021-01-02 16:12:54,841       [12] ERROR PayPal.Api.HttpConnection [(null)] Serwer zdalny zwróci³ b³¹d: (400) Z³e ¿¹danie.
2021-01-02 16:12:54,875       [12] ERROR PayPal.PayPalException [(null)] Payments Exception: 
   Error:    VALIDATION_ERROR
   Message:  Invalid request - see details
   URI:      https://developer.paypal.com/docs/api/payments/#errors
   Debug ID: f6cd5d961fc3d
   Details:  transactions[0].amount -> Transaction amount details (subtotal, tax, shipping) must add up to specified amount total

2021-01-02 16:18:45,307       [12] DEBUG PayPal.Api.PayPalResource [(null)] Content-Type:application/x-www-form-urlencoded
2021-01-02 16:18:45,329       [12] DEBUG PayPal.Api.PayPalResource [(null)] User-Agent:PayPalSDK/PayPal-NET-SDK 1.9.1 (lang=DOTNET;v=4.5.1;clr=4.0.30319.42000;bit=64;os=Microsoft Windows NT 10.0.18363.0)
2021-01-02 16:18:45,330       [12] DEBUG PayPal.Api.PayPalResource [(null)] Authorization:Basic QWVkZlZqVEFOMnhrWVFobVFVQjJlaDc0RzRES2RZam5ucWc0ZzNtZGRJbUFaZUNmRmxnZEFlMjZCdTh3X0Z5d0lxbDktOU9hSnlMbzlNZnc6RU0ybXNRZU9yVEFnNGNOWTlRRm13bmJlem9EVkNfVnFDSGxjNGdzMklGNmFwSVEtLUNsT0JOVjB5ckxNZUloLUhUSGFOeklYdUwxd3JDMXI=
2021-01-02 16:18:45,330       [12] DEBUG PayPal.Api.PayPalResource [(null)] PayPal-Request-Id:9d4a7cfe-3973-4c77-93d8-84fb74694db0
2021-01-02 16:18:45,640       [12] DEBUG PayPal.Api.HttpConnection [(null)] grant_type=client_credentials
2021-01-02 16:18:46,567       [12] DEBUG PayPal.Api.HttpConnection [(null)] Service response: 
2021-01-02 16:18:46,568       [12] DEBUG PayPal.Api.HttpConnection [(null)] {"scope":"https://uri.paypal.com/services/invoicing https://uri.paypal.com/services/disputes/read-buyer https://uri.paypal.com/services/payments/realtimepayment https://uri.paypal.com/services/disputes/update-seller https://uri.paypal.com/services/paypalhere https://uri.paypal.com/services/payments/payment/authcapture openid https://uri.paypal.com/services/disputes/read-seller https://uri.paypal.com/services/payments/refund https://uri.paypal.com/services/identity/activities https://api.paypal.com/v1/vault/credit-card https://api.paypal.com/v1/payments/.* https://uri.paypal.com/services/reporting/search/read https://uri.paypal.com/payments/payouts https://api.paypal.com/v1/vault/credit-card/.* https://uri.paypal.com/services/subscriptions https://uri.paypal.com/services/applications/webhooks https://api.paypal.com/v1/payments/refund https://api.paypal.com/v1/payments/sale/.*/refund","access_token":"A21AAKbBpH7r7_sJNSJtCYohDUEiCZ2p-5Qd2045zNoGY74ULEvvq_JxZoOqA1fQK6NtxwITKcUEkm4edBSX85LQp0-GuJq6g","token_type":"Bearer","app_id":"APP-80W284485P519543T","expires_in":31489,"nonce":"2021-01-02T15:03:37ZUb6xV4hE_Y1Es1GaPcVXuEYjveulDCanAwY9NooFtwY"}
2021-01-02 16:18:46,838       [12] DEBUG PayPal.Api.PayPalResource [(null)] Content-Type:application/json
2021-01-02 16:18:46,838       [12] DEBUG PayPal.Api.PayPalResource [(null)] User-Agent:PayPalSDK/PayPal-NET-SDK 1.9.1 (lang=DOTNET;v=4.5.1;clr=4.0.30319.42000;bit=64;os=Microsoft Windows NT 10.0.18363.0)
2021-01-02 16:18:46,838       [12] DEBUG PayPal.Api.PayPalResource [(null)] Authorization:Bearer A21AAKbBpH7r7_sJNSJtCYohDUEiCZ2p-5Qd2045zNoGY74ULEvvq_JxZoOqA1fQK6NtxwITKcUEkm4edBSX85LQp0-GuJq6g
2021-01-02 16:18:46,838       [12] DEBUG PayPal.Api.PayPalResource [(null)] PayPal-Request-Id:562469e6-ec35-4dbc-b574-5c0fbf859393
2021-01-02 16:18:46,839       [12] DEBUG PayPal.Api.HttpConnection [(null)] {"intent":"sale","payer":{"payment_method":"paypal"},"transactions":[{"amount":{"currency":"PLN","total":"16.60","details":{"subtotal":"4.31","shipping":"12.30","tax":"0.00"}},"description":"Zakupy w sklepie internetowym","invoice_number":"numer","item_list":{"items":[{"name":"Siemiê lniane","quantity":"1","price":"4.31","currency":"PLN"}]}}],"redirect_urls":{"return_url":"https://localhost:44300/Paypal/SuccessView?orderID=1","cancel_url":"https://localhost:44300/Paypal/FailureView"}}
2021-01-02 16:18:47,418       [12] ERROR PayPal.Api.HttpConnection [(null)] Error response:
2021-01-02 16:18:47,419       [12] ERROR PayPal.Api.HttpConnection [(null)] {"name":"VALIDATION_ERROR","details":[{"field":"transactions[0].amount","issue":"Transaction amount details (subtotal, tax, shipping) must add up to specified amount total"}],"message":"Invalid request - see details","information_link":"https://developer.paypal.com/docs/api/payments/#errors","debug_id":"283d6997320c3"}
2021-01-02 16:18:47,419       [12] ERROR PayPal.Api.HttpConnection [(null)] Serwer zdalny zwróci³ b³¹d: (400) Z³e ¿¹danie.
2021-01-02 16:18:47,458       [12] ERROR PayPal.PayPalException [(null)] Payments Exception: 
   Error:    VALIDATION_ERROR
   Message:  Invalid request - see details
   URI:      https://developer.paypal.com/docs/api/payments/#errors
   Debug ID: 283d6997320c3
   Details:  transactions[0].amount -> Transaction amount details (subtotal, tax, shipping) must add up to specified amount total

2021-01-02 16:53:20,612       [16] DEBUG PayPal.Api.PayPalResource [(null)] Content-Type:application/x-www-form-urlencoded
2021-01-02 16:53:20,629       [16] DEBUG PayPal.Api.PayPalResource [(null)] User-Agent:PayPalSDK/PayPal-NET-SDK 1.9.1 (lang=DOTNET;v=4.5.1;clr=4.0.30319.42000;bit=64;os=Microsoft Windows NT 10.0.18363.0)
2021-01-02 16:53:20,629       [16] DEBUG PayPal.Api.PayPalResource [(null)] Authorization:Basic QWVkZlZqVEFOMnhrWVFobVFVQjJlaDc0RzRES2RZam5ucWc0ZzNtZGRJbUFaZUNmRmxnZEFlMjZCdTh3X0Z5d0lxbDktOU9hSnlMbzlNZnc6RU0ybXNRZU9yVEFnNGNOWTlRRm13bmJlem9EVkNfVnFDSGxjNGdzMklGNmFwSVEtLUNsT0JOVjB5ckxNZUloLUhUSGFOeklYdUwxd3JDMXI=
2021-01-02 16:53:20,629       [16] DEBUG PayPal.Api.PayPalResource [(null)] PayPal-Request-Id:e8b8207d-6f92-41d9-a7fd-c8bb5f5667c9
2021-01-02 16:53:20,927       [16] DEBUG PayPal.Api.HttpConnection [(null)] grant_type=client_credentials
2021-01-02 16:53:21,919       [16] DEBUG PayPal.Api.HttpConnection [(null)] Service response: 
2021-01-02 16:53:21,920       [16] DEBUG PayPal.Api.HttpConnection [(null)] {"scope":"https://uri.paypal.com/services/invoicing https://uri.paypal.com/services/disputes/read-buyer https://uri.paypal.com/services/payments/realtimepayment https://uri.paypal.com/services/disputes/update-seller https://uri.paypal.com/services/paypalhere https://uri.paypal.com/services/payments/payment/authcapture openid https://uri.paypal.com/services/disputes/read-seller https://uri.paypal.com/services/payments/refund https://uri.paypal.com/services/identity/activities https://api.paypal.com/v1/vault/credit-card https://api.paypal.com/v1/payments/.* https://uri.paypal.com/services/reporting/search/read https://uri.paypal.com/payments/payouts https://api.paypal.com/v1/vault/credit-card/.* https://uri.paypal.com/services/subscriptions https://uri.paypal.com/services/applications/webhooks https://api.paypal.com/v1/payments/refund https://api.paypal.com/v1/payments/sale/.*/refund","access_token":"A21AAKbBpH7r7_sJNSJtCYohDUEiCZ2p-5Qd2045zNoGY74ULEvvq_JxZoOqA1fQK6NtxwITKcUEkm4edBSX85LQp0-GuJq6g","token_type":"Bearer","app_id":"APP-80W284485P519543T","expires_in":29414,"nonce":"2021-01-02T15:03:37ZUb6xV4hE_Y1Es1GaPcVXuEYjveulDCanAwY9NooFtwY"}
2021-01-02 16:53:22,136       [16] DEBUG PayPal.Api.PayPalResource [(null)] Content-Type:application/json
2021-01-02 16:53:22,136       [16] DEBUG PayPal.Api.PayPalResource [(null)] User-Agent:PayPalSDK/PayPal-NET-SDK 1.9.1 (lang=DOTNET;v=4.5.1;clr=4.0.30319.42000;bit=64;os=Microsoft Windows NT 10.0.18363.0)
2021-01-02 16:53:22,137       [16] DEBUG PayPal.Api.PayPalResource [(null)] Authorization:Bearer A21AAKbBpH7r7_sJNSJtCYohDUEiCZ2p-5Qd2045zNoGY74ULEvvq_JxZoOqA1fQK6NtxwITKcUEkm4edBSX85LQp0-GuJq6g
2021-01-02 16:53:22,137       [16] DEBUG PayPal.Api.PayPalResource [(null)] PayPal-Request-Id:477c9bcf-a53d-4e54-a9fa-073f617fa415
2021-01-02 16:53:22,137       [16] DEBUG PayPal.Api.HttpConnection [(null)] {"intent":"sale","payer":{"payment_method":"paypal"},"transactions":[{"amount":{"currency":"PLN","total":"16.60","details":{"subtotal":"4.31","shipping":"12.30","tax":"0.00"}},"description":"Zakupy w sklepie internetowym","invoice_number":"numer","item_list":{"items":[{"name":"Siemiê lniane","quantity":"1","price":"4.31","currency":"PLN"}]}}],"redirect_urls":{"return_url":"https://localhost:44300/Paypal/SuccessView?orderID=1","cancel_url":"https://localhost:44300/Paypal/FailureView"}}
2021-01-02 16:53:22,984       [16] ERROR PayPal.Api.HttpConnection [(null)] Error response:
2021-01-02 16:53:22,984       [16] ERROR PayPal.Api.HttpConnection [(null)] {"name":"VALIDATION_ERROR","details":[{"field":"transactions[0].amount","issue":"Transaction amount details (subtotal, tax, shipping) must add up to specified amount total"}],"message":"Invalid request - see details","information_link":"https://developer.paypal.com/docs/api/payments/#errors","debug_id":"71ad3357c5b70"}
2021-01-02 16:53:22,984       [16] ERROR PayPal.Api.HttpConnection [(null)] Serwer zdalny zwróci³ b³¹d: (400) Z³e ¿¹danie.
2021-01-02 16:53:23,028       [16] ERROR PayPal.PayPalException [(null)] Payments Exception: 
   Error:    VALIDATION_ERROR
   Message:  Invalid request - see details
   URI:      https://developer.paypal.com/docs/api/payments/#errors
   Debug ID: 71ad3357c5b70
   Details:  transactions[0].amount -> Transaction amount details (subtotal, tax, shipping) must add up to specified amount total

2021-01-02 16:57:18,074       [12] DEBUG PayPal.Api.PayPalResource [(null)] Content-Type:application/x-www-form-urlencoded
2021-01-02 16:57:18,090       [12] DEBUG PayPal.Api.PayPalResource [(null)] User-Agent:PayPalSDK/PayPal-NET-SDK 1.9.1 (lang=DOTNET;v=4.5.1;clr=4.0.30319.42000;bit=64;os=Microsoft Windows NT 10.0.18363.0)
2021-01-02 16:57:18,090       [12] DEBUG PayPal.Api.PayPalResource [(null)] Authorization:Basic QWVkZlZqVEFOMnhrWVFobVFVQjJlaDc0RzRES2RZam5ucWc0ZzNtZGRJbUFaZUNmRmxnZEFlMjZCdTh3X0Z5d0lxbDktOU9hSnlMbzlNZnc6RU0ybXNRZU9yVEFnNGNOWTlRRm13bmJlem9EVkNfVnFDSGxjNGdzMklGNmFwSVEtLUNsT0JOVjB5ckxNZUloLUhUSGFOeklYdUwxd3JDMXI=
2021-01-02 16:57:18,091       [12] DEBUG PayPal.Api.PayPalResource [(null)] PayPal-Request-Id:a6ca67ea-ef9d-4520-bb72-68c01e111f4a
2021-01-02 16:57:18,389       [12] DEBUG PayPal.Api.HttpConnection [(null)] grant_type=client_credentials
2021-01-02 16:57:19,325       [12] DEBUG PayPal.Api.HttpConnection [(null)] Service response: 
2021-01-02 16:57:19,326       [12] DEBUG PayPal.Api.HttpConnection [(null)] {"scope":"https://uri.paypal.com/services/invoicing https://uri.paypal.com/services/disputes/read-buyer https://uri.paypal.com/services/payments/realtimepayment https://uri.paypal.com/services/disputes/update-seller https://uri.paypal.com/services/paypalhere https://uri.paypal.com/services/payments/payment/authcapture openid https://uri.paypal.com/services/disputes/read-seller https://uri.paypal.com/services/payments/refund https://uri.paypal.com/services/identity/activities https://api.paypal.com/v1/vault/credit-card https://api.paypal.com/v1/payments/.* https://uri.paypal.com/services/reporting/search/read https://uri.paypal.com/payments/payouts https://api.paypal.com/v1/vault/credit-card/.* https://uri.paypal.com/services/subscriptions https://uri.paypal.com/services/applications/webhooks https://api.paypal.com/v1/payments/refund https://api.paypal.com/v1/payments/sale/.*/refund","access_token":"A21AAKbBpH7r7_sJNSJtCYohDUEiCZ2p-5Qd2045zNoGY74ULEvvq_JxZoOqA1fQK6NtxwITKcUEkm4edBSX85LQp0-GuJq6g","token_type":"Bearer","app_id":"APP-80W284485P519543T","expires_in":29176,"nonce":"2021-01-02T15:03:37ZUb6xV4hE_Y1Es1GaPcVXuEYjveulDCanAwY9NooFtwY"}
2021-01-02 16:57:19,552       [12] DEBUG PayPal.Api.PayPalResource [(null)] Content-Type:application/json
2021-01-02 16:57:19,552       [12] DEBUG PayPal.Api.PayPalResource [(null)] User-Agent:PayPalSDK/PayPal-NET-SDK 1.9.1 (lang=DOTNET;v=4.5.1;clr=4.0.30319.42000;bit=64;os=Microsoft Windows NT 10.0.18363.0)
2021-01-02 16:57:19,552       [12] DEBUG PayPal.Api.PayPalResource [(null)] Authorization:Bearer A21AAKbBpH7r7_sJNSJtCYohDUEiCZ2p-5Qd2045zNoGY74ULEvvq_JxZoOqA1fQK6NtxwITKcUEkm4edBSX85LQp0-GuJq6g
2021-01-02 16:57:19,553       [12] DEBUG PayPal.Api.PayPalResource [(null)] PayPal-Request-Id:0c6a7fcd-26b7-429b-bfd9-7d3ebbe404b0
2021-01-02 16:57:19,553       [12] DEBUG PayPal.Api.HttpConnection [(null)] {"intent":"sale","payer":{"payment_method":"paypal"},"transactions":[{"amount":{"currency":"PLN","total":"16.60","details":{"subtotal":"4.31","shipping":"12.30","tax":"0.00"}},"description":"Zakupy w sklepie internetowym","invoice_number":"numer","item_list":{"items":[{"name":"Siemiê lniane","quantity":"1","price":"4.31","currency":"PLN"}]}}],"redirect_urls":{"return_url":"https://localhost:44300/Paypal/SuccessView?orderID=1","cancel_url":"https://localhost:44300/Paypal/FailureView"}}
2021-01-02 16:57:20,119       [12] ERROR PayPal.Api.HttpConnection [(null)] Error response:
2021-01-02 16:57:20,119       [12] ERROR PayPal.Api.HttpConnection [(null)] {"name":"VALIDATION_ERROR","details":[{"field":"transactions[0].amount","issue":"Transaction amount details (subtotal, tax, shipping) must add up to specified amount total"}],"message":"Invalid request - see details","information_link":"https://developer.paypal.com/docs/api/payments/#errors","debug_id":"a3b2959ee2311"}
2021-01-02 16:57:20,119       [12] ERROR PayPal.Api.HttpConnection [(null)] Serwer zdalny zwróci³ b³¹d: (400) Z³e ¿¹danie.
2021-01-02 16:57:20,157       [12] ERROR PayPal.PayPalException [(null)] Payments Exception: 
   Error:    VALIDATION_ERROR
   Message:  Invalid request - see details
   URI:      https://developer.paypal.com/docs/api/payments/#errors
   Debug ID: a3b2959ee2311
   Details:  transactions[0].amount -> Transaction amount details (subtotal, tax, shipping) must add up to specified amount total

2021-01-02 17:15:08,949       [12] DEBUG PayPal.Api.PayPalResource [(null)] Content-Type:application/x-www-form-urlencoded
2021-01-02 17:15:08,968       [12] DEBUG PayPal.Api.PayPalResource [(null)] User-Agent:PayPalSDK/PayPal-NET-SDK 1.9.1 (lang=DOTNET;v=4.5.1;clr=4.0.30319.42000;bit=64;os=Microsoft Windows NT 10.0.18363.0)
2021-01-02 17:15:08,969       [12] DEBUG PayPal.Api.PayPalResource [(null)] Authorization:Basic QWVkZlZqVEFOMnhrWVFobVFVQjJlaDc0RzRES2RZam5ucWc0ZzNtZGRJbUFaZUNmRmxnZEFlMjZCdTh3X0Z5d0lxbDktOU9hSnlMbzlNZnc6RU0ybXNRZU9yVEFnNGNOWTlRRm13bmJlem9EVkNfVnFDSGxjNGdzMklGNmFwSVEtLUNsT0JOVjB5ckxNZUloLUhUSGFOeklYdUwxd3JDMXI=
2021-01-02 17:15:08,969       [12] DEBUG PayPal.Api.PayPalResource [(null)] PayPal-Request-Id:c2cfff66-968a-4392-97b4-23cbdfa46d57
2021-01-02 17:15:09,337       [12] DEBUG PayPal.Api.HttpConnection [(null)] grant_type=client_credentials
2021-01-02 17:15:10,406       [12] DEBUG PayPal.Api.HttpConnection [(null)] Service response: 
2021-01-02 17:15:10,407       [12] DEBUG PayPal.Api.HttpConnection [(null)] {"scope":"https://uri.paypal.com/services/invoicing https://uri.paypal.com/services/disputes/read-buyer https://uri.paypal.com/services/payments/realtimepayment https://uri.paypal.com/services/disputes/update-seller https://uri.paypal.com/services/paypalhere https://uri.paypal.com/services/payments/payment/authcapture openid https://uri.paypal.com/services/disputes/read-seller https://uri.paypal.com/services/payments/refund https://uri.paypal.com/services/identity/activities https://api.paypal.com/v1/vault/credit-card https://api.paypal.com/v1/payments/.* https://uri.paypal.com/services/reporting/search/read https://uri.paypal.com/payments/payouts https://api.paypal.com/v1/vault/credit-card/.* https://uri.paypal.com/services/subscriptions https://uri.paypal.com/services/applications/webhooks https://api.paypal.com/v1/payments/refund https://api.paypal.com/v1/payments/sale/.*/refund","access_token":"A21AALPiySHpHRfLNqSXkSDOLJNwEc4znbfayD3O89WFv_otONBcwvpdsxygDUM3-JXp9yWYf00AIekkWOLuYQRiSf4in3dJg","token_type":"Bearer","app_id":"APP-80W284485P519543T","expires_in":32400,"nonce":"2021-01-02T16:15:12ZFevv0GE-INMMa_LjvB_PH_GcyrOKU6xiOvvS61yyvGk"}
2021-01-02 17:15:10,641       [12] DEBUG PayPal.Api.PayPalResource [(null)] Content-Type:application/json
2021-01-02 17:15:10,641       [12] DEBUG PayPal.Api.PayPalResource [(null)] User-Agent:PayPalSDK/PayPal-NET-SDK 1.9.1 (lang=DOTNET;v=4.5.1;clr=4.0.30319.42000;bit=64;os=Microsoft Windows NT 10.0.18363.0)
2021-01-02 17:15:10,641       [12] DEBUG PayPal.Api.PayPalResource [(null)] Authorization:Bearer A21AALPiySHpHRfLNqSXkSDOLJNwEc4znbfayD3O89WFv_otONBcwvpdsxygDUM3-JXp9yWYf00AIekkWOLuYQRiSf4in3dJg
2021-01-02 17:15:10,642       [12] DEBUG PayPal.Api.PayPalResource [(null)] PayPal-Request-Id:c809c9dd-732a-49e2-9281-d323a4e44829
2021-01-02 17:15:10,643       [12] DEBUG PayPal.Api.HttpConnection [(null)] {"intent":"sale","payer":{"payment_method":"paypal"},"transactions":[{"amount":{"currency":"PLN","total":"16.60","details":{"subtotal":"4.31","shipping":"12.30","tax":"0.00"}},"description":"Zakupy w sklepie internetowym","invoice_number":"numer","item_list":{"items":[{"name":"Siemiê lniane","quantity":"1","price":"4.31","currency":"PLN"}]}}],"redirect_urls":{"return_url":"https://localhost:44300/Paypal/SuccessView?orderID=1","cancel_url":"https://localhost:44300/Paypal/FailureView"}}
2021-01-02 17:15:11,182       [12] ERROR PayPal.Api.HttpConnection [(null)] Error response:
2021-01-02 17:15:11,182       [12] ERROR PayPal.Api.HttpConnection [(null)] {"name":"VALIDATION_ERROR","details":[{"field":"transactions[0].amount","issue":"Transaction amount details (subtotal, tax, shipping) must add up to specified amount total"}],"message":"Invalid request - see details","information_link":"https://developer.paypal.com/docs/api/payments/#errors","debug_id":"ef396a4fe4718"}
2021-01-02 17:15:11,183       [12] ERROR PayPal.Api.HttpConnection [(null)] Serwer zdalny zwróci³ b³¹d: (400) Z³e ¿¹danie.
2021-01-02 17:15:11,221       [12] ERROR PayPal.PayPalException [(null)] Payments Exception: 
   Error:    VALIDATION_ERROR
   Message:  Invalid request - see details
   URI:      https://developer.paypal.com/docs/api/payments/#errors
   Debug ID: ef396a4fe4718
   Details:  transactions[0].amount -> Transaction amount details (subtotal, tax, shipping) must add up to specified amount total

2021-01-02 19:54:35,448       [12] DEBUG PayPal.Api.PayPalResource [(null)] Content-Type:application/x-www-form-urlencoded
2021-01-02 19:54:35,472       [12] DEBUG PayPal.Api.PayPalResource [(null)] User-Agent:PayPalSDK/PayPal-NET-SDK 1.9.1 (lang=DOTNET;v=4.5.1;clr=4.0.30319.42000;bit=64;os=Microsoft Windows NT 10.0.18363.0)
2021-01-02 19:54:35,473       [12] DEBUG PayPal.Api.PayPalResource [(null)] Authorization:Basic QWVkZlZqVEFOMnhrWVFobVFVQjJlaDc0RzRES2RZam5ucWc0ZzNtZGRJbUFaZUNmRmxnZEFlMjZCdTh3X0Z5d0lxbDktOU9hSnlMbzlNZnc6RUhOUWtsblRTU1hPclg3WXo5NG9kQThyNlpQS21zdTdVbExkLXJMaTBiSTJkQl9fOUVXeG5Xem5sd0lQVnNaNG50T0luZk9Kbjh5UWd5MHY=
2021-01-02 19:54:35,473       [12] DEBUG PayPal.Api.PayPalResource [(null)] PayPal-Request-Id:aa527755-878c-4197-aaf7-14e945ff4fb2
2021-01-02 19:54:35,925       [12] DEBUG PayPal.Api.HttpConnection [(null)] grant_type=client_credentials
2021-01-02 19:54:37,347       [12] DEBUG PayPal.Api.HttpConnection [(null)] Service response: 
2021-01-02 19:54:37,348       [12] DEBUG PayPal.Api.HttpConnection [(null)] {"scope":"https://uri.paypal.com/services/invoicing https://uri.paypal.com/services/disputes/read-buyer https://uri.paypal.com/services/payments/realtimepayment https://uri.paypal.com/services/disputes/update-seller https://uri.paypal.com/services/paypalhere https://uri.paypal.com/services/payments/payment/authcapture openid https://uri.paypal.com/services/disputes/read-seller https://uri.paypal.com/services/payments/refund https://uri.paypal.com/services/identity/activities https://api.paypal.com/v1/vault/credit-card https://api.paypal.com/v1/payments/.* https://uri.paypal.com/services/reporting/search/read https://uri.paypal.com/payments/payouts https://api.paypal.com/v1/vault/credit-card/.* https://uri.paypal.com/services/subscriptions https://uri.paypal.com/services/applications/webhooks https://api.paypal.com/v1/payments/refund https://api.paypal.com/v1/payments/sale/.*/refund","access_token":"A21AAKm3oK3rWtXgFa9lt_9RWE53EoyKazm7rWNqUq3g1BPx7m9-dZdyB45N_cVxOXRSqv9ynOv9JoHeNR5620GwKemQN-rPQ","token_type":"Bearer","app_id":"APP-80W284485P519543T","expires_in":32400,"nonce":"2021-01-02T18:54:39Zyrneiu7gKnPsQ00-aZdKPGwaJ0jrF0QvY8MCnOu-aZw"}
2021-01-02 19:54:37,774       [12] DEBUG PayPal.Api.PayPalResource [(null)] Content-Type:application/json
2021-01-02 19:54:37,774       [12] DEBUG PayPal.Api.PayPalResource [(null)] User-Agent:PayPalSDK/PayPal-NET-SDK 1.9.1 (lang=DOTNET;v=4.5.1;clr=4.0.30319.42000;bit=64;os=Microsoft Windows NT 10.0.18363.0)
2021-01-02 19:54:37,775       [12] DEBUG PayPal.Api.PayPalResource [(null)] Authorization:Bearer A21AAKm3oK3rWtXgFa9lt_9RWE53EoyKazm7rWNqUq3g1BPx7m9-dZdyB45N_cVxOXRSqv9ynOv9JoHeNR5620GwKemQN-rPQ
2021-01-02 19:54:37,775       [12] DEBUG PayPal.Api.PayPalResource [(null)] PayPal-Request-Id:41fd3899-0bcb-431a-828e-a0037ad8fc15
2021-01-02 19:54:37,776       [12] DEBUG PayPal.Api.HttpConnection [(null)] {"intent":"sale","payer":{"payment_method":"paypal"},"transactions":[{"amount":{"currency":"PLN","total":"16.60","details":{"subtotal":"4.31","shipping":"12.30","tax":"0.00"}},"description":"Zakupy w sklepie internetowym","invoice_number":"numer","item_list":{"items":[{"name":"Siemiê lniane","quantity":"1","price":"4.31","currency":"PLN"}]}}],"redirect_urls":{"return_url":"https://localhost:44300/Paypal/SuccessView?orderID=1","cancel_url":"https://localhost:44300/Paypal/FailureView"}}
2021-01-02 19:54:38,499       [12] ERROR PayPal.Api.HttpConnection [(null)] Error response:
2021-01-02 19:54:38,500       [12] ERROR PayPal.Api.HttpConnection [(null)] {"name":"VALIDATION_ERROR","details":[{"field":"transactions[0].amount","issue":"Transaction amount details (subtotal, tax, shipping) must add up to specified amount total"}],"message":"Invalid request - see details","information_link":"https://developer.paypal.com/docs/api/payments/#errors","debug_id":"2cb93fd954c51"}
2021-01-02 19:54:38,501       [12] ERROR PayPal.Api.HttpConnection [(null)] Serwer zdalny zwróci³ b³¹d: (400) Z³e ¿¹danie.
2021-01-02 19:54:38,669       [12] ERROR PayPal.PayPalException [(null)] Payments Exception: 
   Error:    VALIDATION_ERROR
   Message:  Invalid request - see details
   URI:      https://developer.paypal.com/docs/api/payments/#errors
   Debug ID: 2cb93fd954c51
   Details:  transactions[0].amount -> Transaction amount details (subtotal, tax, shipping) must add up to specified amount total

2021-01-14 10:26:40,119       [5] DEBUG PayPal.Api.PayPalResource [(null)] Content-Type:application/x-www-form-urlencoded
2021-01-14 10:26:40,148       [5] DEBUG PayPal.Api.PayPalResource [(null)] User-Agent:PayPalSDK/PayPal-NET-SDK 1.9.1 (lang=DOTNET;v=4.5.1;clr=4.0.30319.42000;bit=64;os=Microsoft Windows NT 10.0.18363.0)
2021-01-14 10:26:40,149       [5] DEBUG PayPal.Api.PayPalResource [(null)] Authorization:Basic QWVkZlZqVEFOMnhrWVFobVFVQjJlaDc0RzRES2RZam5ucWc0ZzNtZGRJbUFaZUNmRmxnZEFlMjZCdTh3X0Z5d0lxbDktOU9hSnlMbzlNZnc6RUhOUWtsblRTU1hPclg3WXo5NG9kQThyNlpQS21zdTdVbExkLXJMaTBiSTJkQl9fOUVXeG5Xem5sd0lQVnNaNG50T0luZk9Kbjh5UWd5MHY=
2021-01-14 10:26:40,149       [5] DEBUG PayPal.Api.PayPalResource [(null)] PayPal-Request-Id:436fd711-065b-49c1-8dad-ecffd1dd7316
2021-01-14 10:26:40,364       [5] DEBUG PayPal.Api.HttpConnection [(null)] grant_type=client_credentials
2021-01-14 10:26:41,445       [5] DEBUG PayPal.Api.HttpConnection [(null)] Service response: 
2021-01-14 10:26:41,445       [5] DEBUG PayPal.Api.HttpConnection [(null)] {"scope":"https://uri.paypal.com/services/invoicing https://uri.paypal.com/services/disputes/read-buyer https://uri.paypal.com/services/payments/realtimepayment https://uri.paypal.com/services/disputes/update-seller https://uri.paypal.com/services/paypalhere https://uri.paypal.com/services/payments/payment/authcapture openid https://uri.paypal.com/services/disputes/read-seller https://uri.paypal.com/services/payments/refund https://uri.paypal.com/services/identity/activities https://api.paypal.com/v1/vault/credit-card https://api.paypal.com/v1/payments/.* https://uri.paypal.com/services/reporting/search/read https://uri.paypal.com/payments/payouts https://api.paypal.com/v1/vault/credit-card/.* https://uri.paypal.com/services/subscriptions https://uri.paypal.com/services/applications/webhooks https://api.paypal.com/v1/payments/refund https://api.paypal.com/v1/payments/sale/.*/refund","access_token":"A21AAKXT6LwhH84DIY1myarhPo5RESbW-5VySuEsCSNHx09ljLKRVOc5UXkgRyDnlztZi4SXiYA_ewapa9W-7TRkjptjqvf4g","token_type":"Bearer","app_id":"APP-80W284485P519543T","expires_in":32400,"nonce":"2021-01-14T09:26:42Z7hBh_LX0zbFD2nKgmVJWzetobfZXFNnUcpYinr4rGak"}
2021-01-14 10:26:41,931       [5] DEBUG PayPal.Api.PayPalResource [(null)] Content-Type:application/json
2021-01-14 10:26:41,932       [5] DEBUG PayPal.Api.PayPalResource [(null)] User-Agent:PayPalSDK/PayPal-NET-SDK 1.9.1 (lang=DOTNET;v=4.5.1;clr=4.0.30319.42000;bit=64;os=Microsoft Windows NT 10.0.18363.0)
2021-01-14 10:26:41,932       [5] DEBUG PayPal.Api.PayPalResource [(null)] Authorization:Bearer A21AAKXT6LwhH84DIY1myarhPo5RESbW-5VySuEsCSNHx09ljLKRVOc5UXkgRyDnlztZi4SXiYA_ewapa9W-7TRkjptjqvf4g
2021-01-14 10:26:41,932       [5] DEBUG PayPal.Api.PayPalResource [(null)] PayPal-Request-Id:96835a64-82cd-4216-92ad-aa40cfa5a7f8
2021-01-14 10:26:41,933       [5] DEBUG PayPal.Api.HttpConnection [(null)] {"intent":"sale","payer":{"payment_method":"paypal"},"transactions":[{"amount":{"currency":"PLN","total":"16.60","details":{"subtotal":"4.31","shipping":"12.30","tax":"0.00"}},"description":"Zakupy w sklepie internetowym","invoice_number":"numer","item_list":{"items":[{"name":"Siemiê lniane","quantity":"1","price":"4.31","currency":"PLN"}]}}],"redirect_urls":{"return_url":"https://localhost:44300/Paypal/SuccessView?orderID=3","cancel_url":"https://localhost:44300/Paypal/FailureView"}}
2021-01-14 10:26:42,441       [5] ERROR PayPal.Api.HttpConnection [(null)] Error response:
2021-01-14 10:26:42,441       [5] ERROR PayPal.Api.HttpConnection [(null)] {"name":"VALIDATION_ERROR","details":[{"field":"transactions[0].amount","issue":"Transaction amount details (subtotal, tax, shipping) must add up to specified amount total"}],"message":"Invalid request - see details","information_link":"https://developer.paypal.com/docs/api/payments/#errors","debug_id":"aa79efff13e2d"}
2021-01-14 10:26:42,442       [5] ERROR PayPal.Api.HttpConnection [(null)] Serwer zdalny zwróci³ b³¹d: (400) Z³e ¿¹danie.
2021-01-14 10:26:42,509       [5] ERROR PayPal.PayPalException [(null)] Payments Exception: 
   Error:    VALIDATION_ERROR
   Message:  Invalid request - see details
   URI:      https://developer.paypal.com/docs/api/payments/#errors
   Debug ID: aa79efff13e2d
   Details:  transactions[0].amount -> Transaction amount details (subtotal, tax, shipping) must add up to specified amount total

